This is pdfTeX, Version 3.1415926-2.3-1.40.12 (MiKTeX 2.9) (preloaded format=pdflatex 2011.8.22)  14 JAN 2012 04:05
entering extended mode
**kid_thesis.tex
(G:\kidsfcthesis\kid_thesis.tex
LaTeX2e <2011/06/27>
Babel <v3.8m> and hyphenation patterns for english, afrikaans, ancientgreek, ar
abic, armenian, assamese, basque, bengali, bokmal, bulgarian, catalan, coptic, 
croatian, czech, danish, dutch, esperanto, estonian, farsi, finnish, french, ga
lician, german, german-x-2009-06-19, greek, gujarati, hindi, hungarian, iceland
ic, indonesian, interlingua, irish, italian, kannada, kurmanji, lao, latin, lat
vian, lithuanian, malayalam, marathi, mongolian, mongolianlmc, monogreek, ngerm
an, ngerman-x-2009-06-19, nynorsk, oriya, panjabi, pinyin, polish, portuguese, 
romanian, russian, sanskrit, serbian, slovak, slovenian, spanish, swedish, swis
sgerman, tamil, telugu, turkish, turkmen, ukenglish, ukrainian, uppersorbian, u
senglishmax, welsh, loaded.
("C:\Program Files (x86)\MiKTeX 2.9\tex\latex\base\report.cls"
Document Class: report 2007/10/19 v1.4h Standard LaTeX document class
("C:\Program Files (x86)\MiKTeX 2.9\tex\latex\base\size11.clo"
File: size11.clo 2007/10/19 v1.4h Standard LaTeX file (size option)
)
\c@part=\count79
\c@chapter=\count80
\c@section=\count81
\c@subsection=\count82
\c@subsubsection=\count83
\c@paragraph=\count84
\c@subparagraph=\count85
\c@figure=\count86
\c@table=\count87
\abovecaptionskip=\skip41
\belowcaptionskip=\skip42
\bibindent=\dimen102
)
("C:\Program Files (x86)\MiKTeX 2.9\tex\latex\ams\math\amsmath.sty"
Package: amsmath 2000/07/18 v2.13 AMS math features
\@mathmargin=\skip43

For additional information on amsmath, use the `?' option.
("C:\Program Files (x86)\MiKTeX 2.9\tex\latex\ams\math\amstext.sty"
Package: amstext 2000/06/29 v2.01

("C:\Program Files (x86)\MiKTeX 2.9\tex\latex\ams\math\amsgen.sty"
File: amsgen.sty 1999/11/30 v2.0
\@emptytoks=\toks14
\ex@=\dimen103
))
("C:\Program Files (x86)\MiKTeX 2.9\tex\latex\ams\math\amsbsy.sty"
Package: amsbsy 1999/11/29 v1.2d
\pmbraise@=\dimen104
)
("C:\Program Files (x86)\MiKTeX 2.9\tex\latex\ams\math\amsopn.sty"
Package: amsopn 1999/12/14 v2.01 operator names
)
\inf@bad=\count88
LaTeX Info: Redefining \frac on input line 211.
\uproot@=\count89
\leftroot@=\count90
LaTeX Info: Redefining \overline on input line 307.
\classnum@=\count91
\DOTSCASE@=\count92
LaTeX Info: Redefining \ldots on input line 379.
LaTeX Info: Redefining \dots on input line 382.
LaTeX Info: Redefining \cdots on input line 467.
\Mathstrutbox@=\box26
\strutbox@=\box27
\big@size=\dimen105
LaTeX Font Info:    Redeclaring font encoding OML on input line 567.
LaTeX Font Info:    Redeclaring font encoding OMS on input line 568.
\macc@depth=\count93
\c@MaxMatrixCols=\count94
\dotsspace@=\muskip10
\c@parentequation=\count95
\dspbrk@lvl=\count96
\tag@help=\toks15
\row@=\count97
\column@=\count98
\maxfields@=\count99
\andhelp@=\toks16
\eqnshift@=\dimen106
\alignsep@=\dimen107
\tagshift@=\dimen108
\tagwidth@=\dimen109
\totwidth@=\dimen110
\lineht@=\dimen111
\@envbody=\toks17
\multlinegap=\skip44
\multlinetaggap=\skip45
\mathdisplay@stack=\toks18
LaTeX Info: Redefining \[ on input line 2666.
LaTeX Info: Redefining \] on input line 2667.
)
("C:\Program Files (x86)\MiKTeX 2.9\tex\latex\amsfonts\amssymb.sty"
Package: amssymb 2009/06/22 v3.00

("C:\Program Files (x86)\MiKTeX 2.9\tex\latex\amsfonts\amsfonts.sty"
Package: amsfonts 2009/06/22 v3.00 Basic AMSFonts support
\symAMSa=\mathgroup4
\symAMSb=\mathgroup5
LaTeX Font Info:    Overwriting math alphabet `\mathfrak' in version `bold'
(Font)                  U/euf/m/n --> U/euf/b/n on input line 96.
))
("C:\Program Files (x86)\MiKTeX 2.9\tex\latex\ams\classes\amsthm.sty"
Package: amsthm 2004/08/06 v2.20
\thm@style=\toks19
\thm@bodyfont=\toks20
\thm@headfont=\toks21
\thm@notefont=\toks22
\thm@headpunct=\toks23
\thm@preskip=\skip46
\thm@postskip=\skip47
\thm@headsep=\skip48
\dth@everypar=\toks24
)
(G:\kidsfcthesis\ascmac.sty (G:\kidsfcthesis\tascmac.sty
\@savetbaselineshift=\dimen112
\@saveybaselineshift=\dimen113
\scb@x=\box28
\scscb@x=\box29
\@bw=\dimen114
\@nbox=\box30
\@nbody=\box31
\@scw=\dimen115
\@itemh=\dimen116
\@iboxpos=\toks25
\@iboxstr=\box32
\@bwsp=\box33
\@@bwsp=\box34
\@bcal=\count100
\shaderule=\dimen117
))
("C:\Program Files (x86)\MiKTeX 2.9\tex\latex\listings\listings.sty"
("C:\Program Files (x86)\MiKTeX 2.9\tex\latex\graphics\keyval.sty"
Package: keyval 1999/03/16 v1.13 key=value parser (DPC)
\KV@toks@=\toks26
)
\lst@mode=\count101
\lst@gtempboxa=\box35
\lst@token=\toks27
\lst@length=\count102
\lst@currlwidth=\dimen118
\lst@column=\count103
\lst@pos=\count104
\lst@lostspace=\dimen119
\lst@width=\dimen120
\lst@newlines=\count105
\lst@lineno=\count106
\lst@maxwidth=\dimen121

("C:\Program Files (x86)\MiKTeX 2.9\tex\latex\listings\lstmisc.sty"
File: lstmisc.sty 2007/02/22 1.4 (Carsten Heinz)
\c@lstnumber=\count107
\lst@skipnumbers=\count108
\lst@framebox=\box36
)
("C:\Program Files (x86)\MiKTeX 2.9\tex\latex\listings\listings.cfg"
File: listings.cfg 2007/02/22 1.4 listings configuration
))
Package: listings 2007/02/22 1.4 (Carsten Heinz)

("C:\Program Files (x86)\MiKTeX 2.9\tex\latex\psnfss\courier.sty"
Package: courier 2005/04/12 PSNFSS-v9.2a (WaS) 
)
("C:\Program Files (x86)\MiKTeX 2.9\tex\latex\graphics\graphicx.sty"
Package: graphicx 1999/02/16 v1.0f Enhanced LaTeX Graphics (DPC,SPQR)

("C:\Program Files (x86)\MiKTeX 2.9\tex\latex\graphics\graphics.sty"
Package: graphics 2009/02/05 v1.0o Standard LaTeX Graphics (DPC,SPQR)

("C:\Program Files (x86)\MiKTeX 2.9\tex\latex\graphics\trig.sty"
Package: trig 1999/03/16 v1.09 sin cos tan (DPC)
)
("C:\Program Files (x86)\MiKTeX 2.9\tex\latex\00miktex\graphics.cfg"
File: graphics.cfg 2007/01/18 v1.5 graphics configuration of teTeX/TeXLive
)
Package graphics Info: Driver file: pdftex.def on input line 91.

("C:\Program Files (x86)\MiKTeX 2.9\tex\latex\pdftex-def\pdftex.def"
File: pdftex.def 2011/05/27 v0.06d Graphics/color for pdfTeX

("C:\Program Files (x86)\MiKTeX 2.9\tex\generic\oberdiek\infwarerr.sty"
Package: infwarerr 2010/04/08 v1.3 Providing info/warning/message (HO)
)
("C:\Program Files (x86)\MiKTeX 2.9\tex\generic\oberdiek\ltxcmds.sty"
Package: ltxcmds 2011/04/18 v1.20 LaTeX kernel commands for general use (HO)
)
\Gread@gobject=\count109
))
\Gin@req@height=\dimen122
\Gin@req@width=\dimen123
)
("C:\Program Files (x86)\MiKTeX 2.9\tex\latex\hyperref\hyperref.sty"
Package: hyperref 2011/08/19 v6.82h Hypertext links for LaTeX

("C:\Program Files (x86)\MiKTeX 2.9\tex\generic\oberdiek\hobsub-hyperref.sty"
Package: hobsub-hyperref 2011/04/23 v1.4 Bundle oberdiek, subset hyperref (HO)

("C:\Program Files (x86)\MiKTeX 2.9\tex\generic\oberdiek\hobsub-generic.sty"
Package: hobsub-generic 2011/04/23 v1.4 Bundle oberdiek, subset generic (HO)
Package: hobsub 2011/04/23 v1.4 Subsetting bundle oberdiek (HO)
Package hobsub Info: Skipping package `infwarerr' (already loaded).
Package hobsub Info: Skipping package `ltxcmds' (already loaded).
Package: ifluatex 2010/03/01 v1.3 Provides the ifluatex switch (HO)
Package ifluatex Info: LuaTeX not detected.
Package: ifvtex 2010/03/01 v1.5 Switches for detecting VTeX and its modes (HO)
Package ifvtex Info: VTeX not detected.
Package: intcalc 2007/09/27 v1.1 Expandable integer calculations (HO)
Package: ifpdf 2011/01/30 v2.3 Provides the ifpdf switch (HO)
Package ifpdf Info: pdfTeX in PDF mode is detected.
Package: etexcmds 2011/02/16 v1.5 Prefix for e-TeX command names (HO)
Package etexcmds Info: Could not find \expanded.
(etexcmds)             That can mean that you are not using pdfTeX 1.50 or
(etexcmds)             that some package has redefined \expanded.
(etexcmds)             In the latter case, load this package earlier.
Package: kvsetkeys 2011/04/07 v1.13 Key value parser (HO)
Package: kvdefinekeys 2011/04/07 v1.3 Defining keys (HO)
Package: pdftexcmds 2011/04/22 v0.16 Utilities of pdfTeX for LuaTeX (HO)
Package pdftexcmds Info: LuaTeX not detected.
Package pdftexcmds Info: \pdf@primitive is available.
Package pdftexcmds Info: \pdf@ifprimitive is available.
Package pdftexcmds Info: \pdfdraftmode found.
Package: pdfescape 2011/04/04 v1.12 Provides string conversions (HO)
Package: bigintcalc 2011/01/30 v1.2 Expandable big integer calculations (HO)
Package: bitset 2011/01/30 v1.1 Data type bit set (HO)
Package: uniquecounter 2011/01/30 v1.2 Provides unlimited unique counter (HO)
)
Package hobsub Info: Skipping package `hobsub' (already loaded).
Package: letltxmacro 2010/09/02 v1.4 Let assignment for LaTeX macros (HO)
Package: hopatch 2011/01/30 v1.0 Wrapper for package hooks (HO)
Package: xcolor-patch 2011/01/30 xcolor patch
Package: atveryend 2011/04/23 v1.7 Hooks at very end of document (HO)
Package: atbegshi 2011/01/30 v1.15 At begin shipout hook (HO)
Package: refcount 2010/12/01 v3.2 Data extraction from references (HO)
Package: hycolor 2011/01/30 v1.7 Color options of hyperref/bookmark (HO)
)
("C:\Program Files (x86)\MiKTeX 2.9\tex\generic\ifxetex\ifxetex.sty"
Package: ifxetex 2010/09/12 v0.6 Provides ifxetex conditional
)
("C:\Program Files (x86)\MiKTeX 2.9\tex\latex\oberdiek\kvoptions.sty"
Package: kvoptions 2010/12/23 v3.10 Keyval support for LaTeX options (HO)
)
\@linkdim=\dimen124
\Hy@linkcounter=\count110
\Hy@pagecounter=\count111

("C:\Program Files (x86)\MiKTeX 2.9\tex\latex\hyperref\pd1enc.def"
File: pd1enc.def 2011/08/19 v6.82h Hyperref: PDFDocEncoding definition (HO)
)
\Hy@SavedSpaceFactor=\count112

("C:\Program Files (x86)\MiKTeX 2.9\tex\latex\00miktex\hyperref.cfg"
File: hyperref.cfg 2002/06/06 v1.2 hyperref configuration of TeXLive
)
Package hyperref Info: Hyper figures OFF on input line 4053.
Package hyperref Info: Link nesting OFF on input line 4058.
Package hyperref Info: Hyper index ON on input line 4061.
Package hyperref Info: Plain pages OFF on input line 4068.
Package hyperref Info: Backreferencing OFF on input line 4073.
Package hyperref Info: Implicit mode ON; LaTeX internals redefined.
Package hyperref Info: Bookmarks ON on input line 4291.
\c@Hy@tempcnt=\count113

("C:\Program Files (x86)\MiKTeX 2.9\tex\latex\ltxmisc\url.sty"
\Urlmuskip=\muskip11
Package: url 2006/04/12  ver 3.3  Verb mode for urls, etc.
)
LaTeX Info: Redefining \url on input line 4644.
\Fld@menulength=\count114
\Field@Width=\dimen125
\Fld@charsize=\dimen126
Package hyperref Info: Hyper figures OFF on input line 5730.
Package hyperref Info: Link nesting OFF on input line 5735.
Package hyperref Info: Hyper index ON on input line 5738.
Package hyperref Info: backreferencing OFF on input line 5745.
Package hyperref Info: Link coloring OFF on input line 5750.
Package hyperref Info: Link coloring with OCG OFF on input line 5755.
Package hyperref Info: PDF/A mode OFF on input line 5760.
LaTeX Info: Redefining \ref on input line 5800.
LaTeX Info: Redefining \pageref on input line 5804.
\Hy@abspage=\count115
\c@Item=\count116
\c@Hfootnote=\count117
)

Package hyperref Message: Driver (autodetected): hpdftex.

("C:\Program Files (x86)\MiKTeX 2.9\tex\latex\hyperref\hpdftex.def"
File: hpdftex.def 2011/08/19 v6.82h Hyperref driver for pdfTeX
\Fld@listcount=\count118
\c@bookmark@seq@number=\count119

("C:\Program Files (x86)\MiKTeX 2.9\tex\latex\oberdiek\rerunfilecheck.sty"
Package: rerunfilecheck 2011/04/15 v1.7 Rerun checks for auxiliary files (HO)
Package uniquecounter Info: New unique counter `rerunfilecheck' on input line 2
82.
)
\Hy@SectionHShift=\skip49
)
("C:\Program Files (x86)\MiKTeX 2.9\tex\latex\oberdiek\bookmark.sty"
Package: bookmark 2011/04/21 v1.21 PDF bookmarks (HO)

("C:\Program Files (x86)\MiKTeX 2.9\tex\latex\oberdiek\auxhook.sty"
Package: auxhook 2011/03/04 v1.3 Hooks for auxiliary files (HO)
)
("C:\Program Files (x86)\MiKTeX 2.9\tex\latex\oberdiek\bkm-pdftex.def"
File: bkm-pdftex.def 2011/04/21 v1.21 bookmark driver for pdfTeX (HO)
\BKM@id=\count120
))
("C:\Program Files (x86)\MiKTeX 2.9\tex\latex\natbib\natbib.sty"
Package: natbib 2010/09/13 8.31b (PWD, AO)
\bibhang=\skip50
\bibsep=\skip51
LaTeX Info: Redefining \cite on input line 694.
\c@NAT@ctr=\count121
)
("C:\Program Files (x86)\MiKTeX 2.9\tex\latex\caption\caption2.sty"
Package: caption2 2008/07/01 v2.2c Customising captions (AS)


Package caption2 Warning: ****************************************************
(caption2)                THIS PACKAGE IS OBSOLETE:
(caption2)                This package attempts to provide an `caption2'
(caption2)                package v2.0/2.1 author environment so that OLD
(caption2)                documents can be successfully processed. It should
(caption2)                NOT be used for NEW documents! New documents should
(caption2)                use the regular `caption' package v3.x instead.
(caption2)                ****************************************************

("C:\Program Files (x86)\MiKTeX 2.9\tex\latex\caption\caption3.sty"
Package: caption3 2011/08/18 v1.3b caption3 kernel (AR)
\captionmargin=\dimen127
\captionmargin@=\dimen128
\captionwidth=\dimen129
\caption@indent=\dimen130
\caption@parindent=\dimen131
\caption@hangindent=\dimen132
)
Package caption2 Info: Running in caption2 v2.0 compatibility mode on input lin
e 210.
\captionlinewidth=\dimen133
\realcaptionwidth=\dimen134
)
("C:\Program Files (x86)\MiKTeX 2.9\tex\latex\listings\lstlang1.sty"
File: lstlang1.sty 2004/09/05 1.3 listings language file
)
("C:\Program Files (x86)\MiKTeX 2.9\tex\latex\listings\lstmisc.sty"
File: lstmisc.sty 2007/02/22 1.4 (Carsten Heinz)
)
("C:\Program Files (x86)\MiKTeX 2.9\tex\latex\koma-script\scrpage2.sty"
Package: scrpage2 2010/04/22 v2.5 LaTeX2e KOMA-Script package
)
\citation{*}
(G:\kidsfcthesis\kid_thesis.aux

Package natbib Warning: Citation `kaspersky1' multiply defined.

)
LaTeX Font Info:    Checking defaults for OML/cmm/m/it on input line 109.
LaTeX Font Info:    ... okay on input line 109.
LaTeX Font Info:    Checking defaults for T1/cmr/m/n on input line 109.
LaTeX Font Info:    ... okay on input line 109.
LaTeX Font Info:    Checking defaults for OT1/cmr/m/n on input line 109.
LaTeX Font Info:    ... okay on input line 109.
LaTeX Font Info:    Checking defaults for OMS/cmsy/m/n on input line 109.
LaTeX Font Info:    ... okay on input line 109.
LaTeX Font Info:    Checking defaults for OMX/cmex/m/n on input line 109.
LaTeX Font Info:    ... okay on input line 109.
LaTeX Font Info:    Checking defaults for U/cmr/m/n on input line 109.
LaTeX Font Info:    ... okay on input line 109.
LaTeX Font Info:    Checking defaults for PD1/pdf/m/n on input line 109.
LaTeX Font Info:    ... okay on input line 109.
\c@lstlisting=\count122
 ("C:\Program Files (x86)\MiKTeX 2.9\tex\context\base\supp-pdf.mkii"
[Loading MPS to PDF converter (version 2006.09.02).]
\scratchcounter=\count123
\scratchdimen=\dimen135
\scratchbox=\box37
\nofMPsegments=\count124
\nofMParguments=\count125
\everyMPshowfont=\toks28
\MPscratchCnt=\count126
\MPscratchDim=\dimen136
\MPnumerator=\count127
\makeMPintoPDFobject=\count128
\everyMPtoPDFconversion=\toks29
)
\AtBeginShipoutBox=\box38
Package hyperref Info: Link coloring OFF on input line 109.
 ("C:\Program Files (x86)\MiKTeX 2.9\tex\latex\hyperref\nameref.sty"
Package: nameref 2010/04/30 v2.40 Cross-referencing by name of section

("C:\Program Files (x86)\MiKTeX 2.9\tex\generic\oberdiek\gettitlestring.sty"
Package: gettitlestring 2010/12/03 v1.4 Cleanup title references (HO)
)
\c@section@level=\count129
)
LaTeX Info: Redefining \ref on input line 109.
LaTeX Info: Redefining \pageref on input line 109.
LaTeX Info: Redefining \nameref on input line 109.
Package caption Info: Begin \AtBeginDocument code.
Package caption Info: End \AtBeginDocument code.

(G:\kidsfcthesis\contents/titlepage.tex
LaTeX Font Info:    Try loading font information for OMS+cmr on input line 65.

("C:\Program Files (x86)\MiKTeX 2.9\tex\latex\base\omscmr.fd"
File: omscmr.fd 1999/05/25 v2.5h Standard LaTeX font definitions
)
LaTeX Font Info:    Font shape `OMS/cmr/m/n' in size <12> not available
(Font)              Font shape `OMS/cmsy/m/n' tried instead on input line 65.
) [1

{C:/ProgramData/MiKTeX/2.9/pdftex/config/pdftex.map}] (G:\kidsfcthesis\contents
/abstract.tex
Underfull \hbox (badness 10000) in paragraph at lines 18--19

 []

) [2] (G:\kidsfcthesis\kid_thesis.toc
LaTeX Font Info:    Try loading font information for U+msa on input line 1.

("C:\Program Files (x86)\MiKTeX 2.9\tex\latex\amsfonts\umsa.fd"
File: umsa.fd 2009/06/22 v3.00 AMS symbols A
)
LaTeX Font Info:    Try loading font information for U+msb on input line 1.

("C:\Program Files (x86)\MiKTeX 2.9\tex\latex\amsfonts\umsb.fd"
File: umsb.fd 2009/06/22 v3.00 AMS symbols B
) [3

])
\tf@toc=\write3
 [4]
(G:\kidsfcthesis\kid_thesis.lof)
\tf@lof=\write4
 [5


] (G:\kidsfcthesis\kid_thesis.lot)
\tf@lot=\write5
 [6

]
(G:\kidsfcthesis\contents/chap1.tex
Chapter 1.
Missing character: There is no ‚ in font cmr10!
Missing character: There is no Ä in font cmr10!
Missing character: There is no ú in font cmr10!
Missing character: There is no ‚ in font cmr10!
Missing character: There is no Ä in font cmr10!
Missing character: There is no ù in font cmr10!
Missing character: There is no ‚ in font cmr10!
Missing character: There is no Ä in font cmr10!
Missing character: There is no ú in font cmr10!
Missing character: There is no ‚ in font cmr10!
Missing character: There is no Ä in font cmr10!
Missing character: There is no ú in font cmr10!
Missing character: There is no ‚ in font cmr10!
Missing character: There is no Ä in font cmr10!
Missing character: There is no ù in font cmr10!
pdfTeX warning (ext4): destination with the same identifier (name{page.1}) has 
been already used, duplicate ignored
<to be read again> 
                   \relax 
l.14 
      [1

]
LaTeX Font Info:    Font shape `OMS/cmr/m/n' in size <10.95> not available
(Font)              Font shape `OMS/cmsy/m/n' tried instead on input line 23.
pdfTeX warning (ext4): destination with the same identifier (name{page.2}) has 
been already used, duplicate ignored
<to be read again> 
                   \relax 
l.34 \item C
            hapter 5 presents environment and implementation of static malwa...
[2]
Missing character: There is no ‚ in font cmsl10!
Missing character: There is no Ä in font cmsl10!
Missing character: There is no ¢ in font cmsl10!
) (G:\kidsfcthesis\contents/chap2.texpdfTeX warning (ext4): destination with th
e same identifier (name{page.3}) has been already used, duplicate ignored
<to be read again> 
                   \relax 
l.2 \chapter
            {Back ground}\label{chap:2} [3]
Chapter 2.

Package natbib Warning: Citation `downadup' on page 4 undefined on input line 8
.

<graph/kapersky.jpg, id=178, 359.09157pt x 217.5628pt>
File: graph/kapersky.jpg Graphic file (type jpg)

<use graph/kapersky.jpg>
Package pdftex.def Info: graph/kapersky.jpg used on input line 13.
(pdftex.def)             Requested size: 469.47046pt x 284.45828pt.


LaTeX Warning: `!h' float specifier changed to `!ht'.

pdfTeX warning (ext4): destination with the same identifier (name{page.4}) has 
been already used, duplicate ignored
<to be read again> 
                   \relax 
l.20 \section
             {Malware avoidance technique} [4

]pdfTeX warning (ext4): destination with the same identifier (name{page.5}) has
 been already used, duplicate ignored
<to be read again> 
                   \relax 
l.26 P
      acking malware can compress the Win32 portable execution file by sever...
[5 <G:/kidsfcthesis/graph/kapersky.jpg>]
<graph/SysAnalyser.png, id=196, 478.03593pt x 261.97874pt>
File: graph/SysAnalyser.png Graphic file (type png)

<use graph/SysAnalyser.png>
Package pdftex.def Info: graph/SysAnalyser.png used on input line 37.
(pdftex.def)             Requested size: 469.47046pt x 257.28506pt.


LaTeX Warning: `!h' float specifier changed to `!ht'.

pdfTeX warning (ext4): destination with the same identifier (name{page.6}) has 
been already used, duplicate ignored
<to be read again> 
                   \relax 
l.46 
      [6] <graph/OllyDbg.png, id=203, 724.20563pt x 462.22687pt>
File: graph/OllyDbg.png Graphic file (type png)

<use graph/OllyDbg.png>
Package pdftex.def Info: graph/OllyDbg.png used on input line 50.
(pdftex.def)             Requested size: 469.47046pt x 299.64691pt.


LaTeX Warning: `!h' float specifier changed to `!ht'.

[7 <G:/kidsfcthesis/graph/SysAnalyser.png>]
<graph/virustotal_listname.png, id=217, 471.26062pt x 391.4625pt>
File: graph/virustotal_listname.png Graphic file (type png)

<use graph/virustotal_listname.png>
Package pdftex.def Info: graph/virustotal_listname.png used on input line 75.
(pdftex.def)             Requested size: 469.47046pt x 389.98016pt.
 [8 <G:/kidsfcthesis/graph/OllyDbg.png>]
[9 <G:/kidsfcthesis/graph/virustotal_listname.png>]
Overfull \hbox (6.01865pt too wide) in paragraph at lines 83--84
\OT1/cmr/m/n/10.95 Win32/IRCbot, Win32/Gaobot, Win32/Waledac, Win32/Downadup, W
in32/Sality, and W32.Mota. 
 []


Package natbib Warning: Citation `walemac' on page 10 undefined on input line 9
4.


Package natbib Warning: Citation `downadup' on page 10 undefined on input line 
95.


Overfull \hbox (12.47173pt too wide) in paragraph at lines 87--99
[][] 
 []


LaTeX Warning: Float too large for page by 32.93677pt on input line 101.

) (G:\kidsfcthesis\contents/chap3.tex [10] [11]
Chapter 3.
[12

]
Underfull \hbox (badness 10000) in paragraph at lines 23--30

 []

[13]) (G:\kidsfcthesis\contents/chap4.tex [14]
Chapter 4.
<graph/pe1.png, id=268, 286.82156pt x 319.1925pt>
File: graph/pe1.png Graphic file (type png)
 <use graph/pe1.png>
Package pdftex.def Info: graph/pe1.png used on input line 11.
(pdftex.def)             Requested size: 469.47046pt x 522.46602pt.


LaTeX Warning: `!h' float specifier changed to `!ht'.

[15

] [16 <G:/kidsfcthesis/graph/pe1.png>]
<graph/peheader1.jpg, id=278, 557.08125pt x 313.9228pt>
File: graph/peheader1.jpg Graphic file (type jpg)

<use graph/peheader1.jpg>
Package pdftex.def Info: graph/peheader1.jpg used on input line 35.
(pdftex.def)             Requested size: 469.47046pt x 264.56035pt.
 [17 <G:/kidsfcthesis/graph/peheader1.jpg>]

Package hyperref Warning: Token not allowed in a PDF string (PDFDocEncoding):
(hyperref)                removing `\begingroup' on input line 65.


Package hyperref Warning: Token not allowed in a PDF string (PDFDocEncoding):
(hyperref)                removing `\<let>-command' on input line 65.


Package hyperref Warning: Token not allowed in a PDF string (PDFDocEncoding):
(hyperref)                removing `\NAT@ctype' on input line 65.


Package hyperref Warning: Token not allowed in a PDF string (PDFDocEncoding):
(hyperref)                removing `\z@' on input line 65.


Package hyperref Warning: Token not allowed in a PDF string (PDFDocEncoding):
(hyperref)                removing `\let' on input line 65.


Package hyperref Warning: Token not allowed in a PDF string (PDFDocEncoding):
(hyperref)                removing `\let' on input line 65.


Package hyperref Warning: Token not allowed in a PDF string (PDFDocEncoding):
(hyperref)                removing `\new@ifnextchar' on input line 65.

[18]) (G:\kidsfcthesis\contents/chap5.tex [19]
Chapter 5.
<graph/system_architec1.jpg, id=298, 680.5425pt x 318.43968pt>
File: graph/system_architec1.jpg Graphic file (type jpg)

<use graph/system_architec1.jpg>
Package pdftex.def Info: graph/system_architec1.jpg used on input line 17.
(pdftex.def)             Requested size: 469.47046pt x 219.67502pt.


LaTeX Warning: `!h' float specifier changed to `!ht'.

[20

]

Package natbib Warning: Citation `virustotal' on page 21 undefined on input lin
e 33.


LaTeX Warning: Reference `fig:familymalware' on page 21 undefined on input line
 34.

<graph/clustering.jpg, id=307, 743.77875pt x 228.855pt>
File: graph/clustering.jpg Graphic file (type jpg)

<use graph/clustering.jpg>
Package pdftex.def Info: graph/clustering.jpg used on input line 37.
(pdftex.def)             Requested size: 469.47046pt x 144.45528pt.

Underfull \hbox (badness 10000) in paragraph at lines 33--42

 []

[21 <G:/kidsfcthesis/graph/system_architec1.jpg>]
<graph/classificationdecision.jpg, id=313, 749.04843pt x 312.41719pt>
File: graph/classificationdecision.jpg Graphic file (type jpg)

<use graph/classificationdecision.jpg>
Package pdftex.def Info: graph/classificationdecision.jpg used on input line 45
.
(pdftex.def)             Requested size: 469.47046pt x 195.81323pt.

<graph/classification.jpg, id=317, 753.5653pt x 298.11375pt>
File: graph/classification.jpg Graphic file (type jpg)

<use graph/classification.jpg>
Package pdftex.def Info: graph/classification.jpg used on input line 57.
(pdftex.def)             Requested size: 469.47046pt x 185.72473pt.

<graph/decisiontreeworm.jpg, id=318, 983.17313pt x 414.04688pt>
File: graph/decisiontreeworm.jpg Graphic file (type jpg)

<use graph/decisiontreeworm.jpg>
Package pdftex.def Info: graph/decisiontreeworm.jpg used on input line 63.
(pdftex.def)             Requested size: 469.47046pt x 197.71042pt.
) (G:\kidsfcthesis\contents/chap6.tex [22 <G:/kidsfcthesis/graph/clustering.jpg
> <G:/kidsfcthesis/graph/classificationdecision.jpg>]

LaTeX Warning: `!h' float specifier changed to `!ht'.

[23 <G:/kidsfcthesis/graph/classification.jpg>] [24 <G:/kidsfcthesis/graph/deci
siontreeworm.jpg>]
Chapter 6.
<graph/ordertree.jpg, id=333, 328.22626pt x 196.48407pt>
File: graph/ordertree.jpg Graphic file (type jpg)

<use graph/ordertree.jpg>
Package pdftex.def Info: graph/ordertree.jpg used on input line 10.
(pdftex.def)             Requested size: 469.47046pt x 281.03903pt.

Underfull \hbox (badness 10000) in paragraph at lines 15--17

 []


Underfull \hbox (badness 10000) in paragraph at lines 15--17

 []


Overfull \hbox (28.01622pt too wide) in paragraph at lines 20--33
 [] 
 []


LaTeX Warning: `!h' float specifier changed to `!ht'.

<graph/evaluation3.png, id=335, 663.98062pt x 532.99126pt>
File: graph/evaluation3.png Graphic file (type png)

<use graph/evaluation3.png>
Package pdftex.def Info: graph/evaluation3.png used on input line 44.
(pdftex.def)             Requested size: 469.47046pt x 376.85681pt.
 [25

]
<graph/evaluation2.png, id=342, 328.22626pt x 196.48407pt>
File: graph/evaluation2.png Graphic file (type png)

<use graph/evaluation2.png>
Package pdftex.def Info: graph/evaluation2.png used on input line 53.
(pdftex.def)             Requested size: 469.47046pt x 281.03903pt.
 [26 <G:/kidsfcthesis/graph/ordertree.jpg>]

LaTeX Warning: Reference `fig:evaluation1' on page 27 undefined on input line 5
7.

) (G:\kidsfcthesis\contents/chap7.tex [27 <G:/kidsfcthesis/graph/evaluation3.pn
g>] [28 <G:/kidsfcthesis/graph/evaluation2.png>]
Chapter 7.
) [29

] (G:\kidsfcthesis\contents/acknowledgement.tex) [1]
(G:\kidsfcthesis\kid_thesis.bbl
Underfull \hbox (badness 3128) in paragraph at lines 3--4
[]\OT1/cmr/m/n/10.95 David Zim-mer. \OT1/cmr/m/it/10.95 http://www.woodmann.com
/collaborative/tools/index.php/SysAnalyzer\OT1/cmr/m/n/10.95 . 21
 []


Overfull \hbox (59.05392pt too wide) in paragraph at lines 5--6
[]\OT1/cmr/m/n/10.95 Symantec An-nounces Mes-sage-Labs In-tel-li-gence. \OT1/cm
r/m/it/10.95 http://www.symantec.com/about/news/release/article.jsp? 
 []


Overfull \hbox (59.65846pt too wide) in paragraph at lines 9--10
[]\OT1/cmr/m/n/10.95 Malware pro-tec-tion cen-ter. \OT1/cmr/m/it/10.95 http://w
ww.microsoft.com/security/portal/Threat/Encyclopedia/Glossary.aspx\OT1/cmr/m/n/
10.95 .
 []


Overfull \hbox (58.39006pt too wide) in paragraph at lines 19--20
[]\OT1/cmr/m/n/10.95 Malware Pro-tec-tion Cen-ter.\OT1/cmr/m/it/10.95 http://ww
w.microsoft.com/security/portal/Threat/Encyclopedia/Entry.aspx?= 
 []


Overfull \hbox (84.13457pt too wide) in paragraph at lines 21--22
[]\OT1/cmr/m/n/10.95 Malware Pro-tec-tion Cen-ter.\OT1/cmr/m/it/10.95 http://ww
w.microsoft.com/security/portal/Threat/Encyclopedia/Entry.aspx?name= 
 []


Overfull \hbox (86.11772pt too wide) in paragraph at lines 23--24
[]\OT1/cmr/m/n/10.95 Malware Pro-tec-tion Cen-ter.\OT1/cmr/m/it/10.95 http://ww
w.microsoft.com/security/portal/Threat/Encyclopedia/Entry.aspx?Name= 
 []


Overfull \hbox (86.11772pt too wide) in paragraph at lines 25--26
[]\OT1/cmr/m/n/10.95 Malware Pro-tec-tion Cen-ter.\OT1/cmr/m/it/10.95 http://ww
w.microsoft.com/security/portal/Threat/Encyclopedia/Entry.aspx?Name= 
 []

[2

]
Overfull \hbox (86.11772pt too wide) in paragraph at lines 40--41
[]\OT1/cmr/m/n/10.95 Malware Pro-tec-tion Cen-ter.\OT1/cmr/m/it/10.95 http://ww
w.microsoft.com/security/portal/Threat/Encyclopedia/Entry.aspx?Name= 
 []


Overfull \hbox (86.11772pt too wide) in paragraph at lines 42--43
[]\OT1/cmr/m/n/10.95 Malware Pro-tec-tion Cen-ter.\OT1/cmr/m/it/10.95 http://ww
w.microsoft.com/security/portal/Threat/Encyclopedia/Entry.aspx?Name= 
 []


Underfull \hbox (badness 10000) in paragraph at lines 46--47
[]\OT1/cmr/m/it/10.95 http://news.softpedia.com/news/Kaspersky-Report-161-Milli
on-Network-Attacks-Blocked-
 []

[3pdfTeX warning (ext4): destination with the same identifier (name{cite.kasper
sky1}) has been already used, duplicate ignored

\AtBegShi@Output ...ipout \box \AtBeginShipoutBox 
                                                  \fi \fi 
l.67 \bibitem{yuhei}
                    ])

Package natbib Warning: There were undefined citations.


Package natbib Warning: There were multiply defined citations.

Package atveryend Info: Empty hook `BeforeClearDocument' on input line 212.
[4]
Package atveryend Info: Empty hook `AfterLastShipout' on input line 212.
 (G:\kidsfcthesis\kid_thesis.aux

Package natbib Warning: Citation(s) may have changed.
(natbib)                Rerun to get citations correct.

)
Package atveryend Info: Executing hook `AtVeryEndDocument' on input line 212.
Package atveryend Info: Empty hook `AtEndAfterFileList' on input line 212.


LaTeX Warning: There were undefined references.

 ) 
Here is how much of TeX's memory you used:
 9031 strings out of 494045
 132232 string characters out of 3145960
 240628 words of memory out of 3000000
 12039 multiletter control sequences out of 15000+200000
 13548 words of font info for 49 fonts, out of 3000000 for 9000
 715 hyphenation exceptions out of 8191
 36i,10n,38p,1667b,530s stack positions out of 5000i,500n,10000p,200000b,50000s
<C:/Program Files (x86)/MiKTeX 2.9/fonts/type1/public/amsfonts/cm/cmbx10.pfb>
<C:/Program Files (x86)/MiKTeX 2.9/fonts/type1/public/amsfonts/cm/cmbx12.pfb><C
:/Program Files (x86)/MiKTeX 2.9/fonts/type1/public/amsfonts/cm/cmmi10.pfb><C:/
Program Files (x86)/MiKTeX 2.9/fonts/type1/public/amsfonts/cm/cmmi8.pfb><C:/Pro
gram Files (x86)/MiKTeX 2.9/fonts/type1/public/amsfonts/cm/cmr10.pfb><C:/Progra
m Files (x86)/MiKTeX 2.9/fonts/type1/public/amsfonts/cm/cmr12.pfb><C:/Program F
iles (x86)/MiKTeX 2.9/fonts/type1/public/amsfonts/cm/cmr17.pfb><C:/Program File
s (x86)/MiKTeX 2.9/fonts/type1/public/amsfonts/cm/cmr8.pfb><C:/Program Files (x
86)/MiKTeX 2.9/fonts/type1/public/amsfonts/cm/cmsy10.pfb><C:/Program Files (x86
)/MiKTeX 2.9/fonts/type1/public/amsfonts/cm/cmti10.pfb><C:/Program Files (x86)/
MiKTeX 2.9/fonts/type1/public/amsfonts/cm/cmti12.pfb>
Output written on kid_thesis.pdf (39 pages, 1355460 bytes).
PDF statistics:
 586 PDF objects out of 1000 (max. 8388607)
 131 named destinations out of 1000 (max. 500000)
 407 words of extra memory for PDF output out of 10000 (max. 10000000)

